<?xml version="1.0" encoding="UTF-8"?>
<testng-results ignored="0" total="2" passed="2" failed="0" skipped="0">
  <reporter-output>
  </reporter-output>
  <suite started-at="2022-04-23T22:07:41 IST" name="Suite" finished-at="2022-04-23T22:07:52 IST" duration-ms="11074">
    <groups>
    </groups>
    <test started-at="2022-04-23T22:07:41 IST" name="Test" finished-at="2022-04-23T22:07:52 IST" duration-ms="11074">
      <class name="org.AzureChildModule2.TestNGBasics">
        <test-method is-config="true" signature="SetUpSelect()[pri:0, instance:org.AzureChildModule2.TestNGBasics@7ea37dbf]" started-at="2022-04-23T22:07:41 IST" name="SetUpSelect" finished-at="2022-04-23T22:07:41 IST" duration-ms="6" status="PASS">
          <reporter-output>
          </reporter-output>
        </test-method> <!-- SetUpSelect -->
        <test-method signature="test2()[pri:0, instance:org.AzureChildModule2.TestNGBasics@7ea37dbf]" started-at="2022-04-23T22:07:41 IST" name="test2" finished-at="2022-04-23T22:07:52 IST" duration-ms="10700" status="PASS">
          <reporter-output>
          </reporter-output>
        </test-method> <!-- test2 -->
        <test-method signature="test1()[pri:0, instance:org.AzureChildModule2.TestNGBasics@7ea37dbf]" started-at="2022-04-23T22:07:41 IST" name="test1" finished-at="2022-04-23T22:07:52 IST" duration-ms="10674" status="PASS">
          <reporter-output>
          </reporter-output>
        </test-method> <!-- test1 -->
        <test-method is-config="true" signature="teardown()[pri:0, instance:org.AzureChildModule2.TestNGBasics@7ea37dbf]" started-at="2022-04-23T22:07:52 IST" name="teardown" finished-at="2022-04-23T22:07:52 IST" duration-ms="314" status="PASS">
          <reporter-output>
          </reporter-output>
        </test-method> <!-- teardown -->
        <test-method is-config="true" signature="teardown()[pri:0, instance:org.AzureChildModule2.TestNGBasics@7ea37dbf]" started-at="2022-04-23T22:07:52 IST" name="teardown" finished-at="2022-04-23T22:07:52 IST" duration-ms="341" status="PASS">
          <reporter-output>
          </reporter-output>
        </test-method> <!-- teardown -->
      </class> <!-- org.AzureChildModule2.TestNGBasics -->
    </test> <!-- Test -->
  </suite> <!-- Suite -->
</testng-results>
