<?xml version="1.0" encoding="UTF-8"?>
<testng-results ignored="0" total="2" passed="2" failed="0" skipped="0">
  <reporter-output>
  </reporter-output>
  <suite started-at="2022-04-23T21:58:21 IST" name="Suite" finished-at="2022-04-23T21:58:35 IST" duration-ms="13683">
    <groups>
    </groups>
    <test started-at="2022-04-23T21:58:21 IST" name="Test" finished-at="2022-04-23T21:58:35 IST" duration-ms="13683">
      <class name="org.AzureChildModule2.TestNGBasics">
        <test-method signature="test2()[pri:0, instance:org.AzureChildModule2.TestNGBasics@3d299e3]" started-at="2022-04-23T21:58:21 IST" name="test2" finished-at="2022-04-23T21:58:31 IST" duration-ms="9455" status="PASS">
          <reporter-output>
          </reporter-output>
        </test-method> <!-- test2 -->
        <test-method signature="test1()[pri:0, instance:org.AzureChildModule2.TestNGBasics@3d299e3]" started-at="2022-04-23T21:58:21 IST" name="test1" finished-at="2022-04-23T21:58:31 IST" duration-ms="9527" status="PASS">
          <reporter-output>
          </reporter-output>
        </test-method> <!-- test1 -->
        <test-method is-config="true" signature="teardown()[pri:0, instance:org.AzureChildModule2.TestNGBasics@3d299e3]" started-at="2022-04-23T21:58:31 IST" name="teardown" finished-at="2022-04-23T21:58:35 IST" duration-ms="4182" status="PASS">
          <reporter-output>
          </reporter-output>
        </test-method> <!-- teardown -->
        <test-method is-config="true" signature="teardown()[pri:0, instance:org.AzureChildModule2.TestNGBasics@3d299e3]" started-at="2022-04-23T21:58:31 IST" name="teardown" finished-at="2022-04-23T21:58:31 IST" duration-ms="645" status="PASS">
          <reporter-output>
          </reporter-output>
        </test-method> <!-- teardown -->
      </class> <!-- org.AzureChildModule2.TestNGBasics -->
    </test> <!-- Test -->
  </suite> <!-- Suite -->
</testng-results>
