<?xml version="1.0" encoding="UTF-8"?>
<!-- Generated by org.testng.reporters.JUnitXMLReporter -->
<testsuite ignored="2" hostname="RAYAN-PC" failures="0" tests="2" name="GTest" time="30.63" errors="0" timestamp="2021-09-15T16:23:16 IST">
  <testcase classname="Grouping.TestngGrouping1" name="Test4" time="5.567"/>
  <testcase classname="Grouping.TestngGrouping1" name="Test2" time="16.205"/>
  <testcase classname="Grouping.TestngGrouping1" name="Test1" time="0.0">
    <ignored/>
  </testcase> <!-- Test1 -->
  <testcase classname="Grouping.TestngGrouping1" name="Test3" time="0.0">
    <ignored/>
  </testcase> <!-- Test3 -->
</testsuite> <!-- GTest -->
