<?xml version="1.0" encoding="UTF-8"?>
<testng-results ignored="0" total="2" passed="2" failed="0" skipped="0">
  <reporter-output>
  </reporter-output>
  <suite started-at="2022-04-23T22:07:56 IST" name="Surefire suite" finished-at="2022-04-23T22:08:09 IST" duration-ms="12509">
    <groups>
    </groups>
    <test started-at="2022-04-23T22:07:56 IST" name="Surefire test" finished-at="2022-04-23T22:08:09 IST" duration-ms="12509">
      <class name="org.AzureChildModule3.TestNGBasics">
        <test-method is-config="true" signature="SetUpSelect()[pri:0, instance:org.AzureChildModule3.TestNGBasics@78b1cc93]" started-at="2022-04-23T22:07:56 IST" name="SetUpSelect" finished-at="2022-04-23T22:07:56 IST" duration-ms="10" status="PASS">
          <reporter-output>
          </reporter-output>
        </test-method> <!-- SetUpSelect -->
        <test-method signature="test2()[pri:0, instance:org.AzureChildModule3.TestNGBasics@78b1cc93]" started-at="2022-04-23T22:07:56 IST" name="test2" finished-at="2022-04-23T22:08:08 IST" duration-ms="12031" status="PASS">
          <reporter-output>
          </reporter-output>
        </test-method> <!-- test2 -->
        <test-method signature="test1()[pri:0, instance:org.AzureChildModule3.TestNGBasics@78b1cc93]" started-at="2022-04-23T22:07:56 IST" name="test1" finished-at="2022-04-23T22:08:08 IST" duration-ms="12031" status="PASS">
          <reporter-output>
          </reporter-output>
        </test-method> <!-- test1 -->
        <test-method is-config="true" signature="teardown()[pri:0, instance:org.AzureChildModule3.TestNGBasics@78b1cc93]" started-at="2022-04-23T22:08:08 IST" name="teardown" finished-at="2022-04-23T22:08:09 IST" duration-ms="391" status="PASS">
          <reporter-output>
          </reporter-output>
        </test-method> <!-- teardown -->
        <test-method is-config="true" signature="teardown()[pri:0, instance:org.AzureChildModule3.TestNGBasics@78b1cc93]" started-at="2022-04-23T22:08:08 IST" name="teardown" finished-at="2022-04-23T22:08:09 IST" duration-ms="389" status="PASS">
          <reporter-output>
          </reporter-output>
        </test-method> <!-- teardown -->
      </class> <!-- org.AzureChildModule3.TestNGBasics -->
    </test> <!-- Surefire test -->
  </suite> <!-- Surefire suite -->
</testng-results>
