<?xml version="1.0" encoding="UTF-8"?>
<testng-results ignored="0" total="2" passed="2" failed="0" skipped="0">
  <reporter-output>
  </reporter-output>
  <suite started-at="2022-04-23T21:58:07 IST" name="Suite" finished-at="2022-04-23T21:58:19 IST" duration-ms="12474">
    <groups>
    </groups>
    <test started-at="2022-04-23T21:58:07 IST" name="Test" finished-at="2022-04-23T21:58:19 IST" duration-ms="12474">
      <class name="org.AzureChilldModule.TestNGBasics">
        <test-method is-config="true" signature="SetUpSelect()[pri:0, instance:org.AzureChilldModule.TestNGBasics@290d210d]" started-at="2022-04-23T21:58:07 IST" name="SetUpSelect" finished-at="2022-04-23T21:58:07 IST" duration-ms="9" status="PASS">
          <reporter-output>
          </reporter-output>
        </test-method> <!-- SetUpSelect -->
        <test-method signature="test2()[pri:0, instance:org.AzureChilldModule.TestNGBasics@290d210d]" started-at="2022-04-23T21:58:07 IST" name="test2" finished-at="2022-04-23T21:58:19 IST" duration-ms="12096" status="PASS">
          <reporter-output>
          </reporter-output>
        </test-method> <!-- test2 -->
        <test-method signature="test1()[pri:0, instance:org.AzureChilldModule.TestNGBasics@290d210d]" started-at="2022-04-23T21:58:07 IST" name="test1" finished-at="2022-04-23T21:58:19 IST" duration-ms="12059" status="PASS">
          <reporter-output>
          </reporter-output>
        </test-method> <!-- test1 -->
        <test-method is-config="true" signature="teardown()[pri:0, instance:org.AzureChilldModule.TestNGBasics@290d210d]" started-at="2022-04-23T21:58:19 IST" name="teardown" finished-at="2022-04-23T21:58:19 IST" duration-ms="356" status="PASS">
          <reporter-output>
          </reporter-output>
        </test-method> <!-- teardown -->
        <test-method is-config="true" signature="teardown()[pri:0, instance:org.AzureChilldModule.TestNGBasics@290d210d]" started-at="2022-04-23T21:58:19 IST" name="teardown" finished-at="2022-04-23T21:58:19 IST" duration-ms="338" status="PASS">
          <reporter-output>
          </reporter-output>
        </test-method> <!-- teardown -->
      </class> <!-- org.AzureChilldModule.TestNGBasics -->
    </test> <!-- Test -->
  </suite> <!-- Suite -->
</testng-results>
